     1 00000000                                 [FORMAT "WCOFF"]
     2 00000000                                 [INSTRSET "i486p"]
     3 00000000                                 [OPTIMIZE 1]
     4 00000000                                 [OPTION 1]
     5 00000000                                 [BITS 32]
     6 00000000                                 	EXTERN	_hankaku
     7 00000000                                 	EXTERN	_io_hlt
     8 00000000                                 	EXTERN	_io_load_eflags
     9 00000000                                 	EXTERN	_io_cli
    10 00000000                                 	EXTERN	_io_out8
    11 00000000                                 	EXTERN	_io_store_eflags
    12 00000000                                 [FILE "bootpack.c"]
    13                                          [SECTION .text]
    14 00000000                                 	GLOBAL	_HariMain
    15 00000000                                 _HariMain:
    16 00000000 55                              	PUSH	EBP
    17 00000001 89 E5                           	MOV	EBP,ESP
    18 00000003 E8 00000160                     	CALL	_init_palette
    19 00000008 0F BF 05 00000FF6               	MOVSX	EAX,WORD [4086]
    20 0000000F 50                              	PUSH	EAX
    21 00000010 0F BF 05 00000FF4               	MOVSX	EAX,WORD [4084]
    22 00000017 50                              	PUSH	EAX
    23 00000018 FF 35 00000FF8                  	PUSH	DWORD [4088]
    24 0000001E E8 00000231                     	CALL	_init_screen
    25 00000023 68 [00000480]                   	PUSH	_hankaku+1152
    26 00000028 6A 07                           	PUSH	7
    27 0000002A 6A 08                           	PUSH	8
    28 0000002C 6A 08                           	PUSH	8
    29 0000002E 0F BF 05 00000FF4               	MOVSX	EAX,WORD [4084]
    30 00000035 50                              	PUSH	EAX
    31 00000036 FF 35 00000FF8                  	PUSH	DWORD [4088]
    32 0000003C E8 0000039E                     	CALL	_putfont8
    33 00000041 83 C4 24                        	ADD	ESP,36
    34 00000044 68 [00000450]                   	PUSH	_hankaku+1104
    35 00000049 6A 07                           	PUSH	7
    36 0000004B 6A 08                           	PUSH	8
    37 0000004D 6A 10                           	PUSH	16
    38 0000004F 0F BF 05 00000FF4               	MOVSX	EAX,WORD [4084]
    39 00000056 50                              	PUSH	EAX
    40 00000057 FF 35 00000FF8                  	PUSH	DWORD [4088]
    41 0000005D E8 0000037D                     	CALL	_putfont8
    42 00000062 68 [000004C0]                   	PUSH	_hankaku+1216
    43 00000067 6A 07                           	PUSH	7
    44 00000069 6A 08                           	PUSH	8
    45 0000006B 6A 18                           	PUSH	24
    46 0000006D 0F BF 05 00000FF4               	MOVSX	EAX,WORD [4084]
    47 00000074 50                              	PUSH	EAX
    48 00000075 FF 35 00000FF8                  	PUSH	DWORD [4088]
    49 0000007B E8 0000035F                     	CALL	_putfont8
    50 00000080 83 C4 30                        	ADD	ESP,48
    51 00000083 68 [000004C0]                   	PUSH	_hankaku+1216
    52 00000088 6A 07                           	PUSH	7
    53 0000008A 6A 08                           	PUSH	8
    54 0000008C 6A 20                           	PUSH	32
    55 0000008E 0F BF 05 00000FF4               	MOVSX	EAX,WORD [4084]
    56 00000095 50                              	PUSH	EAX
    57 00000096 FF 35 00000FF8                  	PUSH	DWORD [4088]
    58 0000009C E8 0000033E                     	CALL	_putfont8
    59 000000A1 68 [000004F0]                   	PUSH	_hankaku+1264
    60 000000A6 6A 07                           	PUSH	7
    61 000000A8 6A 08                           	PUSH	8
    62 000000AA 6A 28                           	PUSH	40
    63 000000AC 0F BF 05 00000FF4               	MOVSX	EAX,WORD [4084]
    64 000000B3 50                              	PUSH	EAX
    65 000000B4 FF 35 00000FF8                  	PUSH	DWORD [4088]
    66 000000BA E8 00000320                     	CALL	_putfont8
    67 000000BF 83 C4 30                        	ADD	ESP,48
    68 000000C2 68 [00000570]                   	PUSH	_hankaku+1392
    69 000000C7 6A 07                           	PUSH	7
    70 000000C9 6A 1E                           	PUSH	30
    71 000000CB 6A 08                           	PUSH	8
    72 000000CD 0F BF 05 00000FF4               	MOVSX	EAX,WORD [4084]
    73 000000D4 50                              	PUSH	EAX
    74 000000D5 FF 35 00000FF8                  	PUSH	DWORD [4088]
    75 000000DB E8 000002FF                     	CALL	_putfont8
    76 000000E0 68 [000004F0]                   	PUSH	_hankaku+1264
    77 000000E5 6A 07                           	PUSH	7
    78 000000E7 6A 1E                           	PUSH	30
    79 000000E9 6A 10                           	PUSH	16
    80 000000EB 0F BF 05 00000FF4               	MOVSX	EAX,WORD [4084]
    81 000000F2 50                              	PUSH	EAX
    82 000000F3 FF 35 00000FF8                  	PUSH	DWORD [4088]
    83 000000F9 E8 000002E1                     	CALL	_putfont8
    84 000000FE 83 C4 30                        	ADD	ESP,48
    85 00000101 68 [00000520]                   	PUSH	_hankaku+1312
    86 00000106 6A 07                           	PUSH	7
    87 00000108 6A 1E                           	PUSH	30
    88 0000010A 6A 18                           	PUSH	24
    89 0000010C 0F BF 05 00000FF4               	MOVSX	EAX,WORD [4084]
    90 00000113 50                              	PUSH	EAX
    91 00000114 FF 35 00000FF8                  	PUSH	DWORD [4088]
    92 0000011A E8 000002C0                     	CALL	_putfont8
    93 0000011F 68 [000004C0]                   	PUSH	_hankaku+1216
    94 00000124 6A 07                           	PUSH	7
    95 00000126 6A 1E                           	PUSH	30
    96 00000128 6A 20                           	PUSH	32
    97 0000012A 0F BF 05 00000FF4               	MOVSX	EAX,WORD [4084]
    98 00000131 50                              	PUSH	EAX
    99 00000132 FF 35 00000FF8                  	PUSH	DWORD [4088]
   100 00000138 E8 000002A2                     	CALL	_putfont8
   101 0000013D 83 C4 30                        	ADD	ESP,48
   102 00000140 68 [00000440]                   	PUSH	_hankaku+1088
   103 00000145 6A 07                           	PUSH	7
   104 00000147 6A 1E                           	PUSH	30
   105 00000149 6A 28                           	PUSH	40
   106 0000014B 0F BF 05 00000FF4               	MOVSX	EAX,WORD [4084]
   107 00000152 50                              	PUSH	EAX
   108 00000153 FF 35 00000FF8                  	PUSH	DWORD [4088]
   109 00000159 E8 00000281                     	CALL	_putfont8
   110 0000015E 83 C4 18                        	ADD	ESP,24
   111 00000161                                 L2:
   112 00000161 E8 [00000000]                   	CALL	_io_hlt
   113 00000166 EB F9                           	JMP	L2
   114                                          [SECTION .data]
   115 00000000                                 _table_rgb.0:
   116 00000000 00                              	DB	0
   117 00000001 00                              	DB	0
   118 00000002 00                              	DB	0
   119 00000003 FF                              	DB	-1
   120 00000004 00                              	DB	0
   121 00000005 00                              	DB	0
   122 00000006 00                              	DB	0
   123 00000007 FF                              	DB	-1
   124 00000008 00                              	DB	0
   125 00000009 FF                              	DB	-1
   126 0000000A FF                              	DB	-1
   127 0000000B 00                              	DB	0
   128 0000000C 00                              	DB	0
   129 0000000D 00                              	DB	0
   130 0000000E FF                              	DB	-1
   131 0000000F FF                              	DB	-1
   132 00000010 00                              	DB	0
   133 00000011 FF                              	DB	-1
   134 00000012 00                              	DB	0
   135 00000013 FF                              	DB	-1
   136 00000014 FF                              	DB	-1
   137 00000015 FF                              	DB	-1
   138 00000016 FF                              	DB	-1
   139 00000017 FF                              	DB	-1
   140 00000018 C6                              	DB	-58
   141 00000019 C6                              	DB	-58
   142 0000001A C6                              	DB	-58
   143 0000001B 84                              	DB	-124
   144 0000001C 00                              	DB	0
   145 0000001D 00                              	DB	0
   146 0000001E 00                              	DB	0
   147 0000001F 84                              	DB	-124
   148 00000020 00                              	DB	0
   149 00000021 84                              	DB	-124
   150 00000022 84                              	DB	-124
   151 00000023 00                              	DB	0
   152 00000024 00                              	DB	0
   153 00000025 00                              	DB	0
   154 00000026 84                              	DB	-124
   155 00000027 84                              	DB	-124
   156 00000028 00                              	DB	0
   157 00000029 84                              	DB	-124
   158 0000002A 00                              	DB	0
   159 0000002B 84                              	DB	-124
   160 0000002C 84                              	DB	-124
   161 0000002D 84                              	DB	-124
   162 0000002E 84                              	DB	-124
   163 0000002F 84                              	DB	-124
   164                                          [SECTION .text]
   165 00000168                                 	GLOBAL	_init_palette
   166 00000168                                 _init_palette:
   167 00000168 55                              	PUSH	EBP
   168 00000169 89 E5                           	MOV	EBP,ESP
   169 0000016B 68 [00000000]                   	PUSH	_table_rgb.0
   170 00000170 6A 0F                           	PUSH	15
   171 00000172 6A 00                           	PUSH	0
   172 00000174 E8 00000002                     	CALL	_set_palette
   173 00000179 C9                              	LEAVE
   174 0000017A C3                              	RET
   175 0000017B                                 	GLOBAL	_set_palette
   176 0000017B                                 _set_palette:
   177 0000017B 55                              	PUSH	EBP
   178 0000017C 89 E5                           	MOV	EBP,ESP
   179 0000017E 57                              	PUSH	EDI
   180 0000017F 56                              	PUSH	ESI
   181 00000180 53                              	PUSH	EBX
   182 00000181 51                              	PUSH	ECX
   183 00000182 8B 5D 08                        	MOV	EBX,DWORD [8+EBP]
   184 00000185 8B 7D 0C                        	MOV	EDI,DWORD [12+EBP]
   185 00000188 8B 75 10                        	MOV	ESI,DWORD [16+EBP]
   186 0000018B E8 [00000000]                   	CALL	_io_load_eflags
   187 00000190 89 45 F0                        	MOV	DWORD [-16+EBP],EAX
   188 00000193 E8 [00000000]                   	CALL	_io_cli
   189 00000198 53                              	PUSH	EBX
   190 00000199 68 000003C8                     	PUSH	968
   191 0000019E E8 [00000000]                   	CALL	_io_out8
   192 000001A3 39 FB                           	CMP	EBX,EDI
   193 000001A5 58                              	POP	EAX
   194 000001A6 5A                              	POP	EDX
   195 000001A7 7E 12                           	JLE	L11
   196 000001A9                                 L13:
   197 000001A9 8B 45 F0                        	MOV	EAX,DWORD [-16+EBP]
   198 000001AC 89 45 08                        	MOV	DWORD [8+EBP],EAX
   199 000001AF 8D 65 F4                        	LEA	ESP,DWORD [-12+EBP]
   200 000001B2 5B                              	POP	EBX
   201 000001B3 5E                              	POP	ESI
   202 000001B4 5F                              	POP	EDI
   203 000001B5 5D                              	POP	EBP
   204 000001B6 E9 [00000000]                   	JMP	_io_store_eflags
   205 000001BB                                 L11:
   206 000001BB 8A 06                           	MOV	AL,BYTE [ESI]
   207 000001BD 43                              	INC	EBX
   208 000001BE C0 E8 02                        	SHR	AL,2
   209 000001C1 0F B6 C0                        	MOVZX	EAX,AL
   210 000001C4 50                              	PUSH	EAX
   211 000001C5 68 000003C9                     	PUSH	969
   212 000001CA E8 [00000000]                   	CALL	_io_out8
   213 000001CF 8A 46 01                        	MOV	AL,BYTE [1+ESI]
   214 000001D2 C0 E8 02                        	SHR	AL,2
   215 000001D5 0F B6 C0                        	MOVZX	EAX,AL
   216 000001D8 50                              	PUSH	EAX
   217 000001D9 68 000003C9                     	PUSH	969
   218 000001DE E8 [00000000]                   	CALL	_io_out8
   219 000001E3 8A 46 02                        	MOV	AL,BYTE [2+ESI]
   220 000001E6 C0 E8 02                        	SHR	AL,2
   221 000001E9 83 C6 03                        	ADD	ESI,3
   222 000001EC 0F B6 C0                        	MOVZX	EAX,AL
   223 000001EF 50                              	PUSH	EAX
   224 000001F0 68 000003C9                     	PUSH	969
   225 000001F5 E8 [00000000]                   	CALL	_io_out8
   226 000001FA 83 C4 18                        	ADD	ESP,24
   227 000001FD 39 FB                           	CMP	EBX,EDI
   228 000001FF 7E BA                           	JLE	L11
   229 00000201 EB A6                           	JMP	L13
   230 00000203                                 	GLOBAL	_boxfill8
   231 00000203                                 _boxfill8:
   232 00000203 55                              	PUSH	EBP
   233 00000204 89 E5                           	MOV	EBP,ESP
   234 00000206 57                              	PUSH	EDI
   235 00000207 56                              	PUSH	ESI
   236 00000208 53                              	PUSH	EBX
   237 00000209 57                              	PUSH	EDI
   238 0000020A 57                              	PUSH	EDI
   239 0000020B 8A 45 10                        	MOV	AL,BYTE [16+EBP]
   240 0000020E 8B 4D 18                        	MOV	ECX,DWORD [24+EBP]
   241 00000211 8B 7D 1C                        	MOV	EDI,DWORD [28+EBP]
   242 00000214 88 45 F3                        	MOV	BYTE [-13+EBP],AL
   243 00000217 3B 4D 20                        	CMP	ECX,DWORD [32+EBP]
   244 0000021A 7F 31                           	JG	L26
   245 0000021C 8B 5D 0C                        	MOV	EBX,DWORD [12+EBP]
   246 0000021F 0F AF D9                        	IMUL	EBX,ECX
   247 00000222                                 L24:
   248 00000222 8B 55 14                        	MOV	EDX,DWORD [20+EBP]
   249 00000225 39 FA                           	CMP	EDX,EDI
   250 00000227 7F 1B                           	JG	L28
   251 00000229 8B 75 08                        	MOV	ESI,DWORD [8+EBP]
   252 0000022C 01 DE                           	ADD	ESI,EBX
   253 0000022E 01 D6                           	ADD	ESI,EDX
   254 00000230 89 75 EC                        	MOV	DWORD [-20+EBP],ESI
   255 00000233                                 L23:
   256 00000233 8B 75 EC                        	MOV	ESI,DWORD [-20+EBP]
   257 00000236 8A 45 F3                        	MOV	AL,BYTE [-13+EBP]
   258 00000239 42                              	INC	EDX
   259 0000023A 88 06                           	MOV	BYTE [ESI],AL
   260 0000023C 46                              	INC	ESI
   261 0000023D 89 75 EC                        	MOV	DWORD [-20+EBP],ESI
   262 00000240 39 FA                           	CMP	EDX,EDI
   263 00000242 7E EF                           	JLE	L23
   264 00000244                                 L28:
   265 00000244 41                              	INC	ECX
   266 00000245 03 5D 0C                        	ADD	EBX,DWORD [12+EBP]
   267 00000248 3B 4D 20                        	CMP	ECX,DWORD [32+EBP]
   268 0000024B 7E D5                           	JLE	L24
   269 0000024D                                 L26:
   270 0000024D 5B                              	POP	EBX
   271 0000024E 5E                              	POP	ESI
   272 0000024F 5B                              	POP	EBX
   273 00000250 5E                              	POP	ESI
   274 00000251 5F                              	POP	EDI
   275 00000252 5D                              	POP	EBP
   276 00000253 C3                              	RET
   277 00000254                                 	GLOBAL	_init_screen
   278 00000254                                 _init_screen:
   279 00000254 55                              	PUSH	EBP
   280 00000255 89 E5                           	MOV	EBP,ESP
   281 00000257 57                              	PUSH	EDI
   282 00000258 56                              	PUSH	ESI
   283 00000259 53                              	PUSH	EBX
   284 0000025A 83 EC 0C                        	SUB	ESP,12
   285 0000025D 8B 45 10                        	MOV	EAX,DWORD [16+EBP]
   286 00000260 8B 7D 0C                        	MOV	EDI,DWORD [12+EBP]
   287 00000263 83 E8 1D                        	SUB	EAX,29
   288 00000266 4F                              	DEC	EDI
   289 00000267 50                              	PUSH	EAX
   290 00000268 57                              	PUSH	EDI
   291 00000269 6A 00                           	PUSH	0
   292 0000026B 6A 00                           	PUSH	0
   293 0000026D 6A 0E                           	PUSH	14
   294 0000026F FF 75 0C                        	PUSH	DWORD [12+EBP]
   295 00000272 FF 75 08                        	PUSH	DWORD [8+EBP]
   296 00000275 E8 FFFFFF89                     	CALL	_boxfill8
   297 0000027A 8B 45 10                        	MOV	EAX,DWORD [16+EBP]
   298 0000027D 83 E8 1C                        	SUB	EAX,28
   299 00000280 50                              	PUSH	EAX
   300 00000281 57                              	PUSH	EDI
   301 00000282 50                              	PUSH	EAX
   302 00000283 6A 00                           	PUSH	0
   303 00000285 6A 08                           	PUSH	8
   304 00000287 FF 75 0C                        	PUSH	DWORD [12+EBP]
   305 0000028A FF 75 08                        	PUSH	DWORD [8+EBP]
   306 0000028D E8 FFFFFF71                     	CALL	_boxfill8
   307 00000292 8B 45 10                        	MOV	EAX,DWORD [16+EBP]
   308 00000295 83 C4 38                        	ADD	ESP,56
   309 00000298 83 E8 1B                        	SUB	EAX,27
   310 0000029B 50                              	PUSH	EAX
   311 0000029C 57                              	PUSH	EDI
   312 0000029D 50                              	PUSH	EAX
   313 0000029E 6A 00                           	PUSH	0
   314 000002A0 6A 07                           	PUSH	7
   315 000002A2 FF 75 0C                        	PUSH	DWORD [12+EBP]
   316 000002A5 FF 75 08                        	PUSH	DWORD [8+EBP]
   317 000002A8 E8 FFFFFF56                     	CALL	_boxfill8
   318 000002AD 8B 45 10                        	MOV	EAX,DWORD [16+EBP]
   319 000002B0 48                              	DEC	EAX
   320 000002B1 50                              	PUSH	EAX
   321 000002B2 8B 45 10                        	MOV	EAX,DWORD [16+EBP]
   322 000002B5 57                              	PUSH	EDI
   323 000002B6 83 E8 1A                        	SUB	EAX,26
   324 000002B9 50                              	PUSH	EAX
   325 000002BA 6A 00                           	PUSH	0
   326 000002BC 6A 08                           	PUSH	8
   327 000002BE FF 75 0C                        	PUSH	DWORD [12+EBP]
   328 000002C1 FF 75 08                        	PUSH	DWORD [8+EBP]
   329 000002C4 E8 FFFFFF3A                     	CALL	_boxfill8
   330 000002C9 8B 75 10                        	MOV	ESI,DWORD [16+EBP]
   331 000002CC 83 C4 38                        	ADD	ESP,56
   332 000002CF 83 EE 18                        	SUB	ESI,24
   333 000002D2 56                              	PUSH	ESI
   334 000002D3 6A 3B                           	PUSH	59
   335 000002D5 56                              	PUSH	ESI
   336 000002D6 6A 03                           	PUSH	3
   337 000002D8 6A 07                           	PUSH	7
   338 000002DA FF 75 0C                        	PUSH	DWORD [12+EBP]
   339 000002DD FF 75 08                        	PUSH	DWORD [8+EBP]
   340 000002E0 E8 FFFFFF1E                     	CALL	_boxfill8
   341 000002E5 8B 45 10                        	MOV	EAX,DWORD [16+EBP]
   342 000002E8 83 E8 04                        	SUB	EAX,4
   343 000002EB 50                              	PUSH	EAX
   344 000002EC 89 45 F0                        	MOV	DWORD [-16+EBP],EAX
   345 000002EF 6A 02                           	PUSH	2
   346 000002F1 56                              	PUSH	ESI
   347 000002F2 6A 02                           	PUSH	2
   348 000002F4 6A 07                           	PUSH	7
   349 000002F6 FF 75 0C                        	PUSH	DWORD [12+EBP]
   350 000002F9 FF 75 08                        	PUSH	DWORD [8+EBP]
   351 000002FC E8 FFFFFF02                     	CALL	_boxfill8
   352 00000301 83 C4 38                        	ADD	ESP,56
   353 00000304 FF 75 F0                        	PUSH	DWORD [-16+EBP]
   354 00000307 6A 3B                           	PUSH	59
   355 00000309 FF 75 F0                        	PUSH	DWORD [-16+EBP]
   356 0000030C 6A 03                           	PUSH	3
   357 0000030E 6A 0F                           	PUSH	15
   358 00000310 FF 75 0C                        	PUSH	DWORD [12+EBP]
   359 00000313 FF 75 08                        	PUSH	DWORD [8+EBP]
   360 00000316 E8 FFFFFEE8                     	CALL	_boxfill8
   361 0000031B 8B 45 10                        	MOV	EAX,DWORD [16+EBP]
   362 0000031E 83 E8 05                        	SUB	EAX,5
   363 00000321 50                              	PUSH	EAX
   364 00000322 8B 45 10                        	MOV	EAX,DWORD [16+EBP]
   365 00000325 6A 3B                           	PUSH	59
   366 00000327 83 E8 17                        	SUB	EAX,23
   367 0000032A 50                              	PUSH	EAX
   368 0000032B 89 45 EC                        	MOV	DWORD [-20+EBP],EAX
   369 0000032E 6A 3B                           	PUSH	59
   370 00000330 6A 0F                           	PUSH	15
   371 00000332 FF 75 0C                        	PUSH	DWORD [12+EBP]
   372 00000335 FF 75 08                        	PUSH	DWORD [8+EBP]
   373 00000338 E8 FFFFFEC6                     	CALL	_boxfill8
   374 0000033D 8B 45 10                        	MOV	EAX,DWORD [16+EBP]
   375 00000340 83 C4 38                        	ADD	ESP,56
   376 00000343 83 E8 03                        	SUB	EAX,3
   377 00000346 89 45 E8                        	MOV	DWORD [-24+EBP],EAX
   378 00000349 50                              	PUSH	EAX
   379 0000034A 6A 3B                           	PUSH	59
   380 0000034C 50                              	PUSH	EAX
   381 0000034D 6A 02                           	PUSH	2
   382 0000034F 6A 00                           	PUSH	0
   383 00000351 FF 75 0C                        	PUSH	DWORD [12+EBP]
   384 00000354 FF 75 08                        	PUSH	DWORD [8+EBP]
   385 00000357 E8 FFFFFEA7                     	CALL	_boxfill8
   386 0000035C FF 75 E8                        	PUSH	DWORD [-24+EBP]
   387 0000035F 6A 3C                           	PUSH	60
   388 00000361 56                              	PUSH	ESI
   389 00000362 6A 3C                           	PUSH	60
   390 00000364 6A 00                           	PUSH	0
   391 00000366 FF 75 0C                        	PUSH	DWORD [12+EBP]
   392 00000369 FF 75 08                        	PUSH	DWORD [8+EBP]
   393 0000036C E8 FFFFFE92                     	CALL	_boxfill8
   394 00000371 8B 7D 0C                        	MOV	EDI,DWORD [12+EBP]
   395 00000374 83 C4 38                        	ADD	ESP,56
   396 00000377 8B 5D 0C                        	MOV	EBX,DWORD [12+EBP]
   397 0000037A 83 EB 04                        	SUB	EBX,4
   398 0000037D 83 EF 2F                        	SUB	EDI,47
   399 00000380 56                              	PUSH	ESI
   400 00000381 53                              	PUSH	EBX
   401 00000382 56                              	PUSH	ESI
   402 00000383 57                              	PUSH	EDI
   403 00000384 6A 0F                           	PUSH	15
   404 00000386 FF 75 0C                        	PUSH	DWORD [12+EBP]
   405 00000389 FF 75 08                        	PUSH	DWORD [8+EBP]
   406 0000038C E8 FFFFFE72                     	CALL	_boxfill8
   407 00000391 FF 75 F0                        	PUSH	DWORD [-16+EBP]
   408 00000394 57                              	PUSH	EDI
   409 00000395 FF 75 EC                        	PUSH	DWORD [-20+EBP]
   410 00000398 57                              	PUSH	EDI
   411 00000399 6A 0F                           	PUSH	15
   412 0000039B FF 75 0C                        	PUSH	DWORD [12+EBP]
   413 0000039E FF 75 08                        	PUSH	DWORD [8+EBP]
   414 000003A1 E8 FFFFFE5D                     	CALL	_boxfill8
   415 000003A6 83 C4 38                        	ADD	ESP,56
   416 000003A9 FF 75 E8                        	PUSH	DWORD [-24+EBP]
   417 000003AC 53                              	PUSH	EBX
   418 000003AD FF 75 E8                        	PUSH	DWORD [-24+EBP]
   419 000003B0 57                              	PUSH	EDI
   420 000003B1 6A 07                           	PUSH	7
   421 000003B3 FF 75 0C                        	PUSH	DWORD [12+EBP]
   422 000003B6 FF 75 08                        	PUSH	DWORD [8+EBP]
   423 000003B9 E8 FFFFFE45                     	CALL	_boxfill8
   424 000003BE 8B 45 0C                        	MOV	EAX,DWORD [12+EBP]
   425 000003C1 FF 75 E8                        	PUSH	DWORD [-24+EBP]
   426 000003C4 83 E8 03                        	SUB	EAX,3
   427 000003C7 50                              	PUSH	EAX
   428 000003C8 56                              	PUSH	ESI
   429 000003C9 50                              	PUSH	EAX
   430 000003CA 6A 07                           	PUSH	7
   431 000003CC FF 75 0C                        	PUSH	DWORD [12+EBP]
   432 000003CF FF 75 08                        	PUSH	DWORD [8+EBP]
   433 000003D2 E8 FFFFFE2C                     	CALL	_boxfill8
   434 000003D7 8D 65 F4                        	LEA	ESP,DWORD [-12+EBP]
   435 000003DA 5B                              	POP	EBX
   436 000003DB 5E                              	POP	ESI
   437 000003DC 5F                              	POP	EDI
   438 000003DD 5D                              	POP	EBP
   439 000003DE C3                              	RET
   440 000003DF                                 	GLOBAL	_putfont8
   441 000003DF                                 _putfont8:
   442 000003DF 55                              	PUSH	EBP
   443 000003E0 89 E5                           	MOV	EBP,ESP
   444 000003E2 57                              	PUSH	EDI
   445 000003E3 56                              	PUSH	ESI
   446 000003E4 31 F6                           	XOR	ESI,ESI
   447 000003E6 53                              	PUSH	EBX
   448 000003E7 8B 7D 1C                        	MOV	EDI,DWORD [28+EBP]
   449 000003EA 8A 5D 18                        	MOV	BL,BYTE [24+EBP]
   450 000003ED                                 L43:
   451 000003ED 8B 45 14                        	MOV	EAX,DWORD [20+EBP]
   452 000003F0 8B 55 10                        	MOV	EDX,DWORD [16+EBP]
   453 000003F3 01 F0                           	ADD	EAX,ESI
   454 000003F5 0F AF 45 0C                     	IMUL	EAX,DWORD [12+EBP]
   455 000003F9 03 45 08                        	ADD	EAX,DWORD [8+EBP]
   456 000003FC 8D 0C 02                        	LEA	ECX,DWORD [EDX+EAX*1]
   457 000003FF 8A 14 3E                        	MOV	DL,BYTE [ESI+EDI*1]
   458 00000402 84 D2                           	TEST	DL,DL
   459 00000404 79 02                           	JNS	L35
   460 00000406 88 19                           	MOV	BYTE [ECX],BL
   461 00000408                                 L35:
   462 00000408 88 D0                           	MOV	AL,DL
   463 0000040A 83 E0 40                        	AND	EAX,64
   464 0000040D 84 C0                           	TEST	AL,AL
   465 0000040F 74 03                           	JE	L36
   466 00000411 88 59 01                        	MOV	BYTE [1+ECX],BL
   467 00000414                                 L36:
   468 00000414 88 D0                           	MOV	AL,DL
   469 00000416 83 E0 20                        	AND	EAX,32
   470 00000419 84 C0                           	TEST	AL,AL
   471 0000041B 74 03                           	JE	L37
   472 0000041D 88 59 02                        	MOV	BYTE [2+ECX],BL
   473 00000420                                 L37:
   474 00000420 88 D0                           	MOV	AL,DL
   475 00000422 83 E0 10                        	AND	EAX,16
   476 00000425 84 C0                           	TEST	AL,AL
   477 00000427 74 03                           	JE	L38
   478 00000429 88 59 03                        	MOV	BYTE [3+ECX],BL
   479 0000042C                                 L38:
   480 0000042C 88 D0                           	MOV	AL,DL
   481 0000042E 83 E0 08                        	AND	EAX,8
   482 00000431 84 C0                           	TEST	AL,AL
   483 00000433 74 03                           	JE	L39
   484 00000435 88 59 04                        	MOV	BYTE [4+ECX],BL
   485 00000438                                 L39:
   486 00000438 88 D0                           	MOV	AL,DL
   487 0000043A 83 E0 04                        	AND	EAX,4
   488 0000043D 84 C0                           	TEST	AL,AL
   489 0000043F 74 03                           	JE	L40
   490 00000441 88 59 05                        	MOV	BYTE [5+ECX],BL
   491 00000444                                 L40:
   492 00000444 88 D0                           	MOV	AL,DL
   493 00000446 83 E0 02                        	AND	EAX,2
   494 00000449 84 C0                           	TEST	AL,AL
   495 0000044B 74 03                           	JE	L41
   496 0000044D 88 59 06                        	MOV	BYTE [6+ECX],BL
   497 00000450                                 L41:
   498 00000450 83 E2 01                        	AND	EDX,1
   499 00000453 84 D2                           	TEST	DL,DL
   500 00000455 74 03                           	JE	L33
   501 00000457 88 59 07                        	MOV	BYTE [7+ECX],BL
   502 0000045A                                 L33:
   503 0000045A 46                              	INC	ESI
   504 0000045B 83 FE 0F                        	CMP	ESI,15
   505 0000045E 7E 8D                           	JLE	L43
   506 00000460 5B                              	POP	EBX
   507 00000461 5E                              	POP	ESI
   508 00000462 5F                              	POP	EDI
   509 00000463 5D                              	POP	EBP
   510 00000464 C3                              	RET
